{"PORT":"4000","database":"mongoDB","level":"http","message":"Incoming Request - Method: OPTIONS, URL: /calculations/status","timestamp":"2023-12-15T13:11:53.538Z"}
{"PORT":"4000","database":"mongoDB","level":"http","message":"Incoming Request - Method: OPTIONS, URL: /operations","timestamp":"2023-12-15T13:11:53.548Z"}
{"PORT":"4000","database":"mongoDB","level":"http","message":"Incoming Request - Method: OPTIONS, URL: /calculations?limit=5&order=desc","timestamp":"2023-12-15T13:11:53.585Z"}
{"PORT":"4000","database":"mongoDB","level":"http","message":"Incoming Request - Method: OPTIONS, URL: /calculations","timestamp":"2023-12-15T13:13:00.939Z"}
{"PORT":"4000","database":"mongoDB","level":"http","message":"Incoming Request - Method: OPTIONS, URL: /calculations/status","timestamp":"2023-12-15T13:20:19.899Z"}
{"PORT":"4000","database":"mongoDB","level":"http","message":"Incoming Request - Method: OPTIONS, URL: /operations","timestamp":"2023-12-15T13:20:19.941Z"}
{"PORT":"4000","database":"mongoDB","level":"http","message":"Incoming Request - Method: GET, URL: /calculations/status","timestamp":"2023-12-15T13:20:19.945Z"}
{"PORT":"4000","database":"mongoDB","level":"http","message":"Outgoing Response - Method: GET, URL: /calculations/status, Status: 304","timestamp":"2023-12-15T13:20:19.947Z"}
{"PORT":"4000","database":"mongoDB","level":"http","message":"Incoming Request - Method: GET, URL: /operations","timestamp":"2023-12-15T13:20:19.950Z"}
{"PORT":"4000","database":"mongoDB","level":"http","message":"Outgoing Response - Method: GET, URL: /operations, Status: 304","timestamp":"2023-12-15T13:20:19.953Z"}
{"PORT":"4000","database":"mongoDB","level":"http","message":"Incoming Request - Method: OPTIONS, URL: /calculations?limit=5&order=desc","timestamp":"2023-12-15T13:20:19.980Z"}
{"PORT":"4000","database":"mongoDB","level":"http","message":"Incoming Request - Method: GET, URL: /calculations?limit=5&order=desc","timestamp":"2023-12-15T13:20:19.985Z"}
{"PORT":"4000","database":"mongoDB","level":"http","message":"Outgoing Response - Method: GET, URL: /calculations?limit=5&order=desc, Status: 304","timestamp":"2023-12-15T13:20:20.086Z"}
{"PORT":"4000","database":"mongoDB","level":"http","message":"Incoming Request - Method: OPTIONS, URL: /calculations","timestamp":"2023-12-15T13:20:21.657Z"}
{"PORT":"4000","database":"mongoDB","level":"http","message":"Incoming Request - Method: POST, URL: /calculations","timestamp":"2023-12-15T13:20:21.677Z"}
{"PORT":"4000","database":"mongoDB","level":"http","message":"Outgoing Response - Method: POST, URL: /calculations, Status: 500","timestamp":"2023-12-15T13:20:21.718Z"}
{"PORT":"4000","database":"mongoDB","level":"http","message":"Incoming Request - Method: POST, URL: /calculations","timestamp":"2023-12-15T13:20:23.554Z"}
{"PORT":"4000","database":"mongoDB","level":"http","message":"Outgoing Response - Method: POST, URL: /calculations, Status: 200","timestamp":"2023-12-15T13:20:23.679Z"}
{"PORT":"4000","database":"mongoDB","level":"http","message":"Incoming Request - Method: OPTIONS, URL: /calculations/status, Body: {}","timestamp":"2023-12-15T13:23:28.127Z"}
{"PORT":"4000","database":"mongoDB","level":"http","message":"Incoming Request - Method: OPTIONS, URL: /operations, Body: {}","timestamp":"2023-12-15T13:23:28.174Z"}
{"PORT":"4000","database":"mongoDB","level":"http","message":"Incoming Request - Method: GET, URL: /calculations/status, Body: {}","timestamp":"2023-12-15T13:23:28.181Z"}
{"PORT":"4000","database":"mongoDB","level":"http","message":"Incoming Request - Method: OPTIONS, URL: /calculations/status","timestamp":"2023-12-15T13:31:26.304Z"}
{"PORT":"4000","database":"mongoDB","level":"http","message":"Incoming Request - Method: OPTIONS, URL: /operations","timestamp":"2023-12-15T13:31:26.383Z"}
{"PORT":"4000","database":"mongoDB","level":"http","message":"Incoming Request - Method: GET, URL: /calculations/status","timestamp":"2023-12-15T13:31:26.399Z"}
{"PORT":"4000","database":"mongoDB","level":"http","message":"Outgoing Response - Method: GET, URL: /calculations/status, Status: 304","timestamp":"2023-12-15T13:31:26.401Z"}
{"PORT":"4000","database":"mongoDB","level":"http","message":"Incoming Request - Method: GET, URL: /operations","timestamp":"2023-12-15T13:31:26.410Z"}
{"PORT":"4000","database":"mongoDB","level":"http","message":"Outgoing Response - Method: GET, URL: /operations, Status: 304","timestamp":"2023-12-15T13:31:26.412Z"}
{"PORT":"4000","database":"mongoDB","level":"http","message":"Incoming Request - Method: OPTIONS, URL: /calculations?limit=5&order=desc","timestamp":"2023-12-15T13:31:26.466Z"}
{"PORT":"4000","database":"mongoDB","level":"http","message":"Incoming Request - Method: GET, URL: /calculations?limit=5&order=desc","timestamp":"2023-12-15T13:31:26.470Z"}
{"PORT":"4000","database":"mongoDB","level":"http","message":"Outgoing Response - Method: GET, URL: /calculations?limit=5&order=desc, Status: 200","timestamp":"2023-12-15T13:31:26.527Z"}
{"PORT":"4000","database":"mongoDB","level":"http","message":"Incoming Request - Method: OPTIONS, URL: /calculations","timestamp":"2023-12-15T13:31:40.773Z"}
{"PORT":"4000","database":"mongoDB","level":"http","message":"Incoming Request - Method: POST, URL: /calculations","timestamp":"2023-12-15T13:31:40.798Z"}
{"PORT":"4000","database":"mongoDB","level":"http","message":"Outgoing Response - Method: POST, URL: /calculations, Status: 200","timestamp":"2023-12-15T13:31:40.917Z"}
{"PORT":"4000","database":"mongoDB","level":"http","message":"Incoming Request - Method: OPTIONS, URL: /calculations/status","timestamp":"2023-12-15T13:32:33.366Z"}
{"PORT":"4000","database":"mongoDB","level":"http","message":"Incoming Request - Method: OPTIONS, URL: /operations","timestamp":"2023-12-15T13:32:33.545Z"}
{"PORT":"4000","database":"mongoDB","level":"http","message":"Incoming Request - Method: GET, URL: /calculations/status","timestamp":"2023-12-15T13:32:33.547Z"}
{"PORT":"4000","database":"mongoDB","level":"http","message":"Outgoing Response - Method: GET, URL: /calculations/status, Status: 304","timestamp":"2023-12-15T13:32:33.550Z"}
{"PORT":"4000","database":"mongoDB","level":"http","message":"Incoming Request - Method: GET, URL: /operations","timestamp":"2023-12-15T13:32:33.552Z"}
{"PORT":"4000","database":"mongoDB","level":"http","message":"Outgoing Response - Method: GET, URL: /operations, Status: 304","timestamp":"2023-12-15T13:32:33.554Z"}
{"PORT":"4000","database":"mongoDB","level":"http","message":"Incoming Request - Method: OPTIONS, URL: /calculations?limit=5&order=desc","timestamp":"2023-12-15T13:32:33.607Z"}
{"PORT":"4000","database":"mongoDB","level":"http","message":"Incoming Request - Method: GET, URL: /calculations?limit=5&order=desc","timestamp":"2023-12-15T13:32:33.628Z"}
{"PORT":"4000","database":"mongoDB","level":"http","message":"Outgoing Response - Method: GET, URL: /calculations?limit=5&order=desc, Status: 200","timestamp":"2023-12-15T13:32:33.676Z"}
{"PORT":"4000","database":"mongoDB","level":"http","message":"Incoming Request - Method: OPTIONS, URL: /calculations/status","timestamp":"2023-12-15T14:09:25.957Z"}
{"PORT":"4000","database":"mongoDB","level":"http","message":"Incoming Request - Method: GET, URL: /calculations/status","timestamp":"2023-12-15T14:09:26.034Z"}
{"PORT":"4000","database":"mongoDB","level":"http","message":"Outgoing Response - Method: GET, URL: /calculations/status, Status: 304","timestamp":"2023-12-15T14:09:26.040Z"}
{"PORT":"4000","database":"mongoDB","level":"http","message":"Incoming Request - Method: OPTIONS, URL: /operations","timestamp":"2023-12-15T14:09:26.043Z"}
{"PORT":"4000","database":"mongoDB","level":"http","message":"Incoming Request - Method: GET, URL: /operations","timestamp":"2023-12-15T14:09:26.059Z"}
{"PORT":"4000","database":"mongoDB","level":"http","message":"Outgoing Response - Method: GET, URL: /operations, Status: 304","timestamp":"2023-12-15T14:09:26.061Z"}
{"PORT":"4000","database":"mongoDB","level":"http","message":"Incoming Request - Method: OPTIONS, URL: /calculations?limit=5&order=desc","timestamp":"2023-12-15T14:09:26.088Z"}
{"PORT":"4000","database":"mongoDB","level":"http","message":"Incoming Request - Method: GET, URL: /calculations?limit=5&order=desc","timestamp":"2023-12-15T14:09:26.094Z"}
{"PORT":"4000","database":"mongoDB","level":"http","message":"Outgoing Response - Method: GET, URL: /calculations?limit=5&order=desc, Status: 304","timestamp":"2023-12-15T14:09:26.148Z"}
{"PORT":"4000","database":"mongoDB","level":"http","message":"Incoming Request - Method: OPTIONS, URL: /calculations","timestamp":"2023-12-15T14:09:28.132Z"}
{"PORT":"4000","database":"mongoDB","level":"http","message":"Incoming Request - Method: POST, URL: /calculations","timestamp":"2023-12-15T14:09:28.165Z"}
{"PORT":"4000","database":"mongoDB","level":"http","message":"Outgoing Response - Method: POST, URL: /calculations, Status: 200","timestamp":"2023-12-15T14:09:28.208Z"}
{"PORT":"4000","database":"mongoDB","level":"http","message":"Incoming Request - Method: OPTIONS, URL: /calculations/status","timestamp":"2023-12-15T14:10:29.065Z"}
{"PORT":"4000","database":"mongoDB","level":"http","message":"Incoming Request - Method: OPTIONS, URL: /operations","timestamp":"2023-12-15T14:10:29.068Z"}
{"PORT":"4000","database":"mongoDB","level":"http","message":"Incoming Request - Method: GET, URL: /calculations/status","timestamp":"2023-12-15T14:10:29.071Z"}
{"PORT":"4000","database":"mongoDB","level":"http","message":"Outgoing Response - Method: GET, URL: /calculations/status, Status: 304","timestamp":"2023-12-15T14:10:29.072Z"}
{"PORT":"4000","database":"mongoDB","level":"http","message":"Incoming Request - Method: GET, URL: /operations","timestamp":"2023-12-15T14:10:29.075Z"}
{"PORT":"4000","database":"mongoDB","level":"http","message":"Outgoing Response - Method: GET, URL: /operations, Status: 304","timestamp":"2023-12-15T14:10:29.075Z"}
{"PORT":"4000","database":"mongoDB","level":"http","message":"Incoming Request - Method: OPTIONS, URL: /calculations?limit=5&order=desc","timestamp":"2023-12-15T14:10:29.100Z"}
{"PORT":"4000","database":"mongoDB","level":"http","message":"Incoming Request - Method: GET, URL: /calculations?limit=5&order=desc","timestamp":"2023-12-15T14:10:29.108Z"}
{"PORT":"4000","database":"mongoDB","level":"http","message":"Outgoing Response - Method: GET, URL: /calculations?limit=5&order=desc, Status: 200","timestamp":"2023-12-15T14:10:29.147Z"}
{"PORT":"4000","database":"mongoDB","level":"http","message":"Incoming Request - Method: OPTIONS, URL: /calculations","timestamp":"2023-12-15T14:10:51.003Z"}
{"PORT":"4000","database":"mongoDB","level":"http","message":"Incoming Request - Method: POST, URL: /calculations","timestamp":"2023-12-15T14:10:51.006Z"}
{"PORT":"4000","database":"mongoDB","level":"http","message":"Outgoing Response - Method: POST, URL: /calculations, Status: 500","timestamp":"2023-12-15T14:10:51.041Z"}
